# JRE version: OpenJDK Runtime Environment (8.0_212-b04) (build 1.8.0_212-release-1586-b04)
# Java VM: OpenJDK 64-Bit Server VM (25.212-b04 mixed mode windows-amd64 compressed oops)
Heap:
 PSYoungGen      total 484352K, used 269033K [0x00000000e0000000, 0x00000000ffe00000, 0x0000000100000000)
  eden space 448512K, 57% used [0x00000000e0000000,0x00000000efce0ba0,0x00000000fb600000)
  from space 35840K, 28% used [0x00000000fdb00000,0x00000000fe4d98f0,0x00000000ffe00000)
  to   space 36864K, 0% used [0x00000000fb600000,0x00000000fb600000,0x00000000fda00000)
 ParOldGen       total 191488K, used 111217K [0x00000000a0000000, 0x00000000abb00000, 0x00000000e0000000)
  object space 191488K, 58% used [0x00000000a0000000,0x00000000a6c9c748,0x00000000abb00000)
 Metaspace       used 164257K, capacity 171366K, committed 174848K, reserved 1200128K
  class space    used 21289K, capacity 22638K, committed 23296K, reserved 1048576K
GC Heap History (10 events):
Event: 12259.832 GC heap before
{Heap before GC invocations=44 (full 5):
 PSYoungGen      total 440832K, used 439910K [0x00000000e0000000, 0x00000000fdd80000, 0x0000000100000000)
  eden space 409600K, 100% used [0x00000000e0000000,0x00000000f9000000,0x00000000f9000000)
  from space 31232K, 97% used [0x00000000fb280000,0x00000000fd019af8,0x00000000fd100000)
  to   space 35328K, 0% used [0x00000000f9000000,0x00000000f9000000,0x00000000fb280000)
 ParOldGen       total 128000K, used 79901K [0x00000000a0000000, 0x00000000a7d00000, 0x00000000e0000000)
  object space 128000K, 62% used [0x00000000a0000000,0x00000000a4e07500,0x00000000a7d00000)
 Metaspace       used 164151K, capacity 171372K, committed 174592K, reserved 1200128K
  class space    used 21304K, capacity 22715K, committed 23296K, reserved 1048576K
Event: 12259.969 GC heap after
Heap after GC invocations=44 (full 5):
 PSYoungGen      total 444928K, used 28662K [0x00000000e0000000, 0x0000000100000000, 0x0000000100000000)
  eden space 409600K, 0% used [0x00000000e0000000,0x00000000e0000000,0x00000000f9000000)
  from space 35328K, 81% used [0x00000000f9000000,0x00000000fabfdb48,0x00000000fb280000)
  to   space 37888K, 0% used [0x00000000fdb00000,0x00000000fdb00000,0x0000000100000000)
 ParOldGen       total 128000K, used 86068K [0x00000000a0000000, 0x00000000a7d00000, 0x00000000e0000000)
  object space 128000K, 67% used [0x00000000a0000000,0x00000000a540d0a8,0x00000000a7d00000)
 Metaspace       used 164151K, capacity 171372K, committed 174592K, reserved 1200128K
  class space    used 21304K, capacity 22715K, committed 23296K, reserved 1048576K
}
Event: 12264.530 GC heap before
{Heap before GC invocations=45 (full 5):
 PSYoungGen      total 444928K, used 438262K [0x00000000e0000000, 0x0000000100000000, 0x0000000100000000)
  eden space 409600K, 100% used [0x00000000e0000000,0x00000000f9000000,0x00000000f9000000)
  from space 35328K, 81% used [0x00000000f9000000,0x00000000fabfdb48,0x00000000fb280000)
  to   space 37888K, 0% used [0x00000000fdb00000,0x00000000fdb00000,0x0000000100000000)
 ParOldGen       total 128000K, used 86068K [0x00000000a0000000, 0x00000000a7d00000, 0x00000000e0000000)
  object space 128000K, 67% used [0x00000000a0000000,0x00000000a540d0a8,0x00000000a7d00000)
 Metaspace       used 164185K, capacity 171442K, committed 174592K, reserved 1200128K
  class space    used 21305K, capacity 22716K, committed 23296K, reserved 1048576K
Event: 12264.787 GC heap after
Heap after GC invocations=45 (full 5):
 PSYoungGen      total 486400K, used 5050K [0x00000000e0000000, 0x0000000100000000, 0x0000000100000000)
  eden space 448512K, 0% used [0x00000000e0000000,0x00000000e0000000,0x00000000fb600000)
  from space 37888K, 13% used [0x00000000fdb00000,0x00000000fdfee838,0x0000000100000000)
  to   space 37888K, 0% used [0x00000000fb600000,0x00000000fb600000,0x00000000fdb00000)
 ParOldGen       total 128000K, used 108162K [0x00000000a0000000, 0x00000000a7d00000, 0x00000000e0000000)
  object space 128000K, 84% used [0x00000000a0000000,0x00000000a69a0a38,0x00000000a7d00000)
 Metaspace       used 164185K, capacity 171442K, committed 174592K, reserved 1200128K
  class space    used 21305K, capacity 22716K, committed 23296K, reserved 1048576K
}
Event: 12264.788 GC heap before
{Heap before GC invocations=46 (full 6):
 PSYoungGen      total 486400K, used 5050K [0x00000000e0000000, 0x0000000100000000, 0x0000000100000000)
  eden space 448512K, 0% used [0x00000000e0000000,0x00000000e0000000,0x00000000fb600000)
  from space 37888K, 13% used [0x00000000fdb00000,0x00000000fdfee838,0x0000000100000000)
  to   space 37888K, 0% used [0x00000000fb600000,0x00000000fb600000,0x00000000fdb00000)
 ParOldGen       total 128000K, used 108162K [0x00000000a0000000, 0x00000000a7d00000, 0x00000000e0000000)
  object space 128000K, 84% used [0x00000000a0000000,0x00000000a69a0a38,0x00000000a7d00000)
 Metaspace       used 164185K, capacity 171442K, committed 174592K, reserved 1200128K
  class space    used 21305K, capacity 22716K, committed 23296K, reserved 1048576K
Event: 12267.974 GC heap after
Heap after GC invocations=46 (full 6):
 PSYoungGen      total 486400K, used 0K [0x00000000e0000000, 0x0000000100000000, 0x0000000100000000)
  eden space 448512K, 0% used [0x00000000e0000000,0x00000000e0000000,0x00000000fb600000)
  from space 37888K, 0% used [0x00000000fdb00000,0x00000000fdb00000,0x0000000100000000)
  to   space 37888K, 0% used [0x00000000fb600000,0x00000000fb600000,0x00000000fdb00000)
 ParOldGen       total 191488K, used 105552K [0x00000000a0000000, 0x00000000abb00000, 0x00000000e0000000)
  object space 191488K, 55% used [0x00000000a0000000,0x00000000a6714070,0x00000000abb00000)
 Metaspace       used 164036K, capacity 171058K, committed 174592K, reserved 1200128K
  class space    used 21254K, capacity 22626K, committed 23296K, reserved 1048576K
}
Event: 12276.972 GC heap before
{Heap before GC invocations=47 (full 6):
 PSYoungGen      total 486400K, used 448512K [0x00000000e0000000, 0x0000000100000000, 0x0000000100000000)
  eden space 448512K, 100% used [0x00000000e0000000,0x00000000fb600000,0x00000000fb600000)
  from space 37888K, 0% used [0x00000000fdb00000,0x00000000fdb00000,0x0000000100000000)
  to   space 37888K, 0% used [0x00000000fb600000,0x00000000fb600000,0x00000000fdb00000)
 ParOldGen       total 191488K, used 105552K [0x00000000a0000000, 0x00000000abb00000, 0x00000000e0000000)
  object space 191488K, 55% used [0x00000000a0000000,0x00000000a6714070,0x00000000abb00000)
 Metaspace       used 164170K, capacity 171302K, committed 174848K, reserved 1200128K
  class space    used 21279K, capacity 22638K, committed 23296K, reserved 1048576K
Event: 12277.010 GC heap after
Heap after GC invocations=47 (full 6):
 PSYoungGen      total 486400K, used 6581K [0x00000000e0000000, 0x0000000100000000, 0x0000000100000000)
  eden space 448512K, 0% used [0x00000000e0000000,0x00000000e0000000,0x00000000fb600000)
  from space 37888K, 17% used [0x00000000fb600000,0x00000000fbc6d4b0,0x00000000fdb00000)
  to   space 37888K, 0% used [0x00000000fdb00000,0x00000000fdb00000,0x0000000100000000)
 ParOldGen       total 191488K, used 105560K [0x00000000a0000000, 0x00000000abb00000, 0x00000000e0000000)
  object space 191488K, 55% used [0x00000000a0000000,0x00000000a6716070,0x00000000abb00000)
 Metaspace       used 164170K, capacity 171302K, committed 174848K, reserved 1200128K
  class space    used 21279K, capacity 22638K, committed 23296K, reserved 1048576K
}
Event: 12285.807 GC heap before
{Heap before GC invocations=48 (full 6):
 PSYoungGen      total 486400K, used 455093K [0x00000000e0000000, 0x0000000100000000, 0x0000000100000000)
  eden space 448512K, 100% used [0x00000000e0000000,0x00000000fb600000,0x00000000fb600000)
  from space 37888K, 17% used [0x00000000fb600000,0x00000000fbc6d4b0,0x00000000fdb00000)
  to   space 37888K, 0% used [0x00000000fdb00000,0x00000000fdb00000,0x0000000100000000)
 ParOldGen       total 191488K, used 105560K [0x00000000a0000000, 0x00000000abb00000, 0x00000000e0000000)
  object space 191488K, 55% used [0x00000000a0000000,0x00000000a6716070,0x00000000abb00000)
 Metaspace       used 164245K, capacity 171366K, committed 174848K, reserved 1200128K
  class space    used 21289K, capacity 22638K, committed 23296K, reserved 1048576K
Event: 12285.886 GC heap after
Heap after GC invocations=48 (full 6):
 PSYoungGen      total 484352K, used 10086K [0x00000000e0000000, 0x00000000ffe00000, 0x0000000100000000)
  eden space 448512K, 0% used [0x00000000e0000000,0x00000000e0000000,0x00000000fb600000)
  from space 35840K, 28% used [0x00000000fdb00000,0x00000000fe4d98f0,0x00000000ffe00000)
  to   space 36864K, 0% used [0x00000000fb600000,0x00000000fb600000,0x00000000fda00000)
 ParOldGen       total 191488K, used 111217K [0x00000000a0000000, 0x00000000abb00000, 0x00000000e0000000)
  object space 191488K, 58% used [0x00000000a0000000,0x00000000a6c9c748,0x00000000abb00000)
 Metaspace       used 164245K, capacity 171366K, committed 174848K, reserved 1200128K
  class space    used 21289K, capacity 22638K, committed 23296K, reserved 1048576K
}

